[14-Sep-2015 08:25:45 UTC] PHP Notice:  Use of undefined constant template_directory - assumed 'template_directory' in /var/www/wordpress/wp-content/themes/theme1/index.php on line 13
[14-Sep-2015 08:25:51 UTC] PHP Notice:  Use of undefined constant template_directory - assumed 'template_directory' in /var/www/wordpress/wp-content/themes/theme1/index.php on line 13
[14-Sep-2015 14:59:12 UTC] PHP Strict Standards:  Redefining already defined constructor for class WXR_Parser_Regex in /var/www/wordpress/wp-content/plugins/wordpress-importer/parsers.php on line 408
[14-Sep-2015 14:59:12 UTC] PHP Strict Standards:  Declaration of WP_Import::bump_request_timeout() should be compatible with WP_Importer::bump_request_timeout($val) in /var/www/wordpress/wp-content/plugins/wordpress-importer/wordpress-importer.php on line 38
[14-Sep-2015 14:59:37 UTC] PHP Strict Standards:  Redefining already defined constructor for class WXR_Parser_Regex in /var/www/wordpress/wp-content/plugins/wordpress-importer/parsers.php on line 408
[14-Sep-2015 14:59:37 UTC] PHP Strict Standards:  Declaration of WP_Import::bump_request_timeout() should be compatible with WP_Importer::bump_request_timeout($val) in /var/www/wordpress/wp-content/plugins/wordpress-importer/wordpress-importer.php on line 38
[14-Sep-2015 14:59:41 UTC] PHP Strict Standards:  Redefining already defined constructor for class WXR_Parser_Regex in /var/www/wordpress/wp-content/plugins/wordpress-importer/parsers.php on line 408
[14-Sep-2015 14:59:41 UTC] PHP Strict Standards:  Declaration of WP_Import::bump_request_timeout() should be compatible with WP_Importer::bump_request_timeout($val) in /var/www/wordpress/wp-content/plugins/wordpress-importer/wordpress-importer.php on line 38
[14-Sep-2015 15:29:05 UTC] PHP Notice:  Use of undefined constant auto - assumed 'auto' in /var/www/wordpress/wp-content/themes/onedayrecs/functions.php on line 35
[14-Sep-2015 15:30:10 UTC] PHP Notice:  Use of undefined constant auto - assumed 'auto' in /var/www/wordpress/wp-content/themes/onedayrecs/functions.php on line 35
[14-Sep-2015 15:30:26 UTC] PHP Notice:  Use of undefined constant auto - assumed 'auto' in /var/www/wordpress/wp-content/themes/onedayrecs/functions.php on line 35
[14-Sep-2015 15:30:53 UTC] PHP Notice:  Use of undefined constant auto - assumed 'auto' in /var/www/wordpress/wp-content/themes/onedayrecs/functions.php on line 35
[14-Sep-2015 15:31:06 UTC] PHP Notice:  Use of undefined constant auto - assumed 'auto' in /var/www/wordpress/wp-content/themes/onedayrecs/functions.php on line 35
[14-Sep-2015 15:31:07 UTC] PHP Notice:  Use of undefined constant auto - assumed 'auto' in /var/www/wordpress/wp-content/themes/onedayrecs/functions.php on line 35
[14-Sep-2015 15:33:01 UTC] PHP Notice:  Use of undefined constant auto - assumed 'auto' in /var/www/wordpress/wp-content/themes/onedayrecs/functions.php on line 35
[14-Sep-2015 15:33:09 UTC] PHP Notice:  Use of undefined constant auto - assumed 'auto' in /var/www/wordpress/wp-content/themes/onedayrecs/functions.php on line 35
[14-Sep-2015 15:33:10 UTC] PHP Notice:  Use of undefined constant auto - assumed 'auto' in /var/www/wordpress/wp-content/themes/onedayrecs/functions.php on line 35
[14-Sep-2015 15:59:53 UTC] PHP Notice:  Trying to get property of non-object in /var/www/wordpress/wp-content/themes/onedayrecs/index.php on line 114
[14-Sep-2015 15:59:53 UTC] PHP Notice:  Trying to get property of non-object in /var/www/wordpress/wp-content/themes/onedayrecs/index.php on line 114
[14-Sep-2015 15:59:53 UTC] PHP Notice:  Trying to get property of non-object in /var/www/wordpress/wp-content/themes/onedayrecs/index.php on line 114
[14-Sep-2015 15:59:53 UTC] PHP Notice:  Trying to get property of non-object in /var/www/wordpress/wp-content/themes/onedayrecs/index.php on line 114
[14-Sep-2015 15:59:53 UTC] PHP Notice:  Trying to get property of non-object in /var/www/wordpress/wp-content/themes/onedayrecs/index.php on line 114
[14-Sep-2015 15:59:53 UTC] PHP Notice:  Trying to get property of non-object in /var/www/wordpress/wp-content/themes/onedayrecs/index.php on line 114
[14-Sep-2015 15:59:53 UTC] PHP Notice:  Trying to get property of non-object in /var/www/wordpress/wp-content/themes/onedayrecs/index.php on line 114
[14-Sep-2015 15:59:53 UTC] PHP Notice:  Trying to get property of non-object in /var/www/wordpress/wp-content/themes/onedayrecs/index.php on line 114
[14-Sep-2015 15:59:53 UTC] PHP Notice:  Trying to get property of non-object in /var/www/wordpress/wp-content/themes/onedayrecs/index.php on line 114
[14-Sep-2015 15:59:53 UTC] PHP Notice:  Trying to get property of non-object in /var/www/wordpress/wp-content/themes/onedayrecs/index.php on line 114
[14-Sep-2015 15:59:53 UTC] PHP Notice:  Trying to get property of non-object in /var/www/wordpress/wp-content/themes/onedayrecs/index.php on line 114
[14-Sep-2015 15:59:53 UTC] PHP Notice:  Trying to get property of non-object in /var/www/wordpress/wp-content/themes/onedayrecs/index.php on line 114
[14-Sep-2015 15:59:53 UTC] PHP Notice:  Trying to get property of non-object in /var/www/wordpress/wp-content/themes/onedayrecs/index.php on line 114
[14-Sep-2015 15:59:53 UTC] PHP Notice:  Trying to get property of non-object in /var/www/wordpress/wp-content/themes/onedayrecs/index.php on line 114
[14-Sep-2015 15:59:53 UTC] PHP Notice:  Trying to get property of non-object in /var/www/wordpress/wp-content/themes/onedayrecs/index.php on line 114
[14-Sep-2015 15:59:53 UTC] PHP Notice:  Trying to get property of non-object in /var/www/wordpress/wp-content/themes/onedayrecs/index.php on line 114
[14-Sep-2015 15:59:53 UTC] PHP Notice:  Trying to get property of non-object in /var/www/wordpress/wp-content/themes/onedayrecs/index.php on line 114
[14-Sep-2015 15:59:53 UTC] PHP Notice:  Trying to get property of non-object in /var/www/wordpress/wp-content/themes/onedayrecs/index.php on line 114
[14-Sep-2015 15:59:53 UTC] PHP Notice:  Trying to get property of non-object in /var/www/wordpress/wp-content/themes/onedayrecs/index.php on line 114
[14-Sep-2015 15:59:53 UTC] PHP Notice:  Trying to get property of non-object in /var/www/wordpress/wp-content/themes/onedayrecs/index.php on line 114
[14-Sep-2015 15:59:53 UTC] PHP Notice:  Trying to get property of non-object in /var/www/wordpress/wp-content/themes/onedayrecs/index.php on line 114
[14-Sep-2015 15:59:53 UTC] PHP Notice:  Trying to get property of non-object in /var/www/wordpress/wp-content/themes/onedayrecs/index.php on line 114
[14-Sep-2015 15:59:53 UTC] PHP Notice:  Trying to get property of non-object in /var/www/wordpress/wp-content/themes/onedayrecs/index.php on line 114
[14-Sep-2015 15:59:53 UTC] PHP Notice:  Trying to get property of non-object in /var/www/wordpress/wp-content/themes/onedayrecs/index.php on line 114
[14-Sep-2015 15:59:53 UTC] PHP Notice:  Trying to get property of non-object in /var/www/wordpress/wp-content/themes/onedayrecs/index.php on line 114
[14-Sep-2015 15:59:53 UTC] PHP Notice:  Trying to get property of non-object in /var/www/wordpress/wp-content/themes/onedayrecs/index.php on line 114
[14-Sep-2015 15:59:53 UTC] PHP Notice:  Trying to get property of non-object in /var/www/wordpress/wp-content/themes/onedayrecs/index.php on line 114
[14-Sep-2015 16:04:13 UTC] PHP Notice:  Trying to get property of non-object in /var/www/wordpress/wp-content/themes/onedayrecs/index.php on line 113
[14-Sep-2015 16:04:13 UTC] PHP Notice:  Trying to get property of non-object in /var/www/wordpress/wp-content/themes/onedayrecs/index.php on line 113
[14-Sep-2015 16:04:13 UTC] PHP Notice:  Trying to get property of non-object in /var/www/wordpress/wp-content/themes/onedayrecs/index.php on line 113
[14-Sep-2015 16:04:13 UTC] PHP Notice:  Trying to get property of non-object in /var/www/wordpress/wp-content/themes/onedayrecs/index.php on line 113
[14-Sep-2015 16:04:13 UTC] PHP Notice:  Trying to get property of non-object in /var/www/wordpress/wp-content/themes/onedayrecs/index.php on line 113
[14-Sep-2015 16:04:13 UTC] PHP Notice:  Trying to get property of non-object in /var/www/wordpress/wp-content/themes/onedayrecs/index.php on line 113
[14-Sep-2015 16:04:13 UTC] PHP Notice:  Trying to get property of non-object in /var/www/wordpress/wp-content/themes/onedayrecs/index.php on line 113
[14-Sep-2015 16:04:13 UTC] PHP Notice:  Trying to get property of non-object in /var/www/wordpress/wp-content/themes/onedayrecs/index.php on line 113
[14-Sep-2015 16:04:13 UTC] PHP Notice:  Trying to get property of non-object in /var/www/wordpress/wp-content/themes/onedayrecs/index.php on line 113
[14-Sep-2015 16:04:13 UTC] PHP Notice:  Trying to get property of non-object in /var/www/wordpress/wp-content/themes/onedayrecs/index.php on line 113
[14-Sep-2015 16:04:13 UTC] PHP Notice:  Trying to get property of non-object in /var/www/wordpress/wp-content/themes/onedayrecs/index.php on line 113
[14-Sep-2015 16:04:13 UTC] PHP Notice:  Trying to get property of non-object in /var/www/wordpress/wp-content/themes/onedayrecs/index.php on line 113
[14-Sep-2015 16:04:13 UTC] PHP Notice:  Trying to get property of non-object in /var/www/wordpress/wp-content/themes/onedayrecs/index.php on line 113
[14-Sep-2015 16:04:13 UTC] PHP Notice:  Trying to get property of non-object in /var/www/wordpress/wp-content/themes/onedayrecs/index.php on line 113
[14-Sep-2015 16:04:13 UTC] PHP Notice:  Trying to get property of non-object in /var/www/wordpress/wp-content/themes/onedayrecs/index.php on line 113
[14-Sep-2015 16:04:13 UTC] PHP Notice:  Trying to get property of non-object in /var/www/wordpress/wp-content/themes/onedayrecs/index.php on line 113
[14-Sep-2015 16:04:13 UTC] PHP Notice:  Trying to get property of non-object in /var/www/wordpress/wp-content/themes/onedayrecs/index.php on line 113
[14-Sep-2015 16:04:13 UTC] PHP Notice:  Trying to get property of non-object in /var/www/wordpress/wp-content/themes/onedayrecs/index.php on line 113
[14-Sep-2015 16:04:13 UTC] PHP Notice:  Trying to get property of non-object in /var/www/wordpress/wp-content/themes/onedayrecs/index.php on line 113
[14-Sep-2015 16:04:13 UTC] PHP Notice:  Trying to get property of non-object in /var/www/wordpress/wp-content/themes/onedayrecs/index.php on line 113
[14-Sep-2015 16:04:13 UTC] PHP Notice:  Trying to get property of non-object in /var/www/wordpress/wp-content/themes/onedayrecs/index.php on line 113
[14-Sep-2015 16:04:13 UTC] PHP Notice:  Trying to get property of non-object in /var/www/wordpress/wp-content/themes/onedayrecs/index.php on line 113
[14-Sep-2015 16:04:13 UTC] PHP Notice:  Trying to get property of non-object in /var/www/wordpress/wp-content/themes/onedayrecs/index.php on line 113
[14-Sep-2015 16:04:13 UTC] PHP Notice:  Trying to get property of non-object in /var/www/wordpress/wp-content/themes/onedayrecs/index.php on line 113
[14-Sep-2015 16:04:13 UTC] PHP Notice:  Trying to get property of non-object in /var/www/wordpress/wp-content/themes/onedayrecs/index.php on line 113
[14-Sep-2015 16:04:13 UTC] PHP Notice:  Trying to get property of non-object in /var/www/wordpress/wp-content/themes/onedayrecs/index.php on line 113
[14-Sep-2015 16:04:13 UTC] PHP Notice:  Trying to get property of non-object in /var/www/wordpress/wp-content/themes/onedayrecs/index.php on line 113
[14-Sep-2015 16:08:00 UTC] PHP Notice:  Trying to get property of non-object in /var/www/wordpress/wp-content/themes/onedayrecs/index.php on line 116
[14-Sep-2015 16:08:00 UTC] PHP Fatal error:  Call to undefined function get_title() in /var/www/wordpress/wp-content/themes/onedayrecs/index.php on line 121
[14-Sep-2015 16:08:00 UTC] PHP Notice:  Trying to get property of non-object in /var/www/wordpress/wp-content/themes/onedayrecs/index.php on line 116
[14-Sep-2015 16:08:00 UTC] PHP Fatal error:  Call to undefined function get_title() in /var/www/wordpress/wp-content/themes/onedayrecs/index.php on line 121
[14-Sep-2015 16:08:00 UTC] PHP Notice:  Trying to get property of non-object in /var/www/wordpress/wp-content/themes/onedayrecs/index.php on line 116
[14-Sep-2015 16:08:00 UTC] PHP Fatal error:  Call to undefined function get_title() in /var/www/wordpress/wp-content/themes/onedayrecs/index.php on line 121
[14-Sep-2015 16:08:35 UTC] PHP Notice:  Trying to get property of non-object in /var/www/wordpress/wp-content/themes/onedayrecs/index.php on line 116
[14-Sep-2015 16:08:35 UTC] PHP Notice:  Trying to get property of non-object in /var/www/wordpress/wp-content/themes/onedayrecs/index.php on line 116
[14-Sep-2015 16:08:35 UTC] PHP Notice:  Trying to get property of non-object in /var/www/wordpress/wp-content/themes/onedayrecs/index.php on line 116
[14-Sep-2015 16:08:35 UTC] PHP Notice:  Trying to get property of non-object in /var/www/wordpress/wp-content/themes/onedayrecs/index.php on line 116
[14-Sep-2015 16:08:35 UTC] PHP Notice:  Trying to get property of non-object in /var/www/wordpress/wp-content/themes/onedayrecs/index.php on line 116
[14-Sep-2015 16:08:35 UTC] PHP Notice:  Trying to get property of non-object in /var/www/wordpress/wp-content/themes/onedayrecs/index.php on line 116
[14-Sep-2015 16:08:35 UTC] PHP Notice:  Trying to get property of non-object in /var/www/wordpress/wp-content/themes/onedayrecs/index.php on line 116
[14-Sep-2015 16:08:35 UTC] PHP Notice:  Trying to get property of non-object in /var/www/wordpress/wp-content/themes/onedayrecs/index.php on line 116
[14-Sep-2015 16:08:35 UTC] PHP Notice:  Trying to get property of non-object in /var/www/wordpress/wp-content/themes/onedayrecs/index.php on line 116
[14-Sep-2015 16:08:35 UTC] PHP Notice:  Trying to get property of non-object in /var/www/wordpress/wp-content/themes/onedayrecs/index.php on line 116
[14-Sep-2015 16:08:35 UTC] PHP Notice:  Trying to get property of non-object in /var/www/wordpress/wp-content/themes/onedayrecs/index.php on line 116
[14-Sep-2015 16:08:35 UTC] PHP Notice:  Trying to get property of non-object in /var/www/wordpress/wp-content/themes/onedayrecs/index.php on line 116
[14-Sep-2015 16:08:35 UTC] PHP Notice:  Trying to get property of non-object in /var/www/wordpress/wp-content/themes/onedayrecs/index.php on line 116
[14-Sep-2015 16:08:35 UTC] PHP Notice:  Trying to get property of non-object in /var/www/wordpress/wp-content/themes/onedayrecs/index.php on line 116
[14-Sep-2015 16:08:35 UTC] PHP Notice:  Trying to get property of non-object in /var/www/wordpress/wp-content/themes/onedayrecs/index.php on line 116
[14-Sep-2015 16:08:35 UTC] PHP Notice:  Trying to get property of non-object in /var/www/wordpress/wp-content/themes/onedayrecs/index.php on line 116
[14-Sep-2015 16:08:35 UTC] PHP Notice:  Trying to get property of non-object in /var/www/wordpress/wp-content/themes/onedayrecs/index.php on line 116
[14-Sep-2015 16:08:35 UTC] PHP Notice:  Trying to get property of non-object in /var/www/wordpress/wp-content/themes/onedayrecs/index.php on line 116
[14-Sep-2015 16:08:35 UTC] PHP Notice:  Trying to get property of non-object in /var/www/wordpress/wp-content/themes/onedayrecs/index.php on line 116
[14-Sep-2015 16:08:35 UTC] PHP Notice:  Trying to get property of non-object in /var/www/wordpress/wp-content/themes/onedayrecs/index.php on line 116
[14-Sep-2015 16:08:35 UTC] PHP Notice:  Trying to get property of non-object in /var/www/wordpress/wp-content/themes/onedayrecs/index.php on line 116
[14-Sep-2015 16:08:35 UTC] PHP Notice:  Trying to get property of non-object in /var/www/wordpress/wp-content/themes/onedayrecs/index.php on line 116
[14-Sep-2015 16:08:35 UTC] PHP Notice:  Trying to get property of non-object in /var/www/wordpress/wp-content/themes/onedayrecs/index.php on line 116
[14-Sep-2015 16:08:35 UTC] PHP Notice:  Trying to get property of non-object in /var/www/wordpress/wp-content/themes/onedayrecs/index.php on line 116
[14-Sep-2015 16:08:35 UTC] PHP Notice:  Trying to get property of non-object in /var/www/wordpress/wp-content/themes/onedayrecs/index.php on line 116
[14-Sep-2015 16:08:35 UTC] PHP Notice:  Trying to get property of non-object in /var/www/wordpress/wp-content/themes/onedayrecs/index.php on line 116
[14-Sep-2015 16:08:35 UTC] PHP Notice:  Trying to get property of non-object in /var/www/wordpress/wp-content/themes/onedayrecs/index.php on line 116
[14-Sep-2015 16:10:00 UTC] PHP Notice:  Trying to get property of non-object in /var/www/wordpress/wp-content/themes/onedayrecs/index.php on line 116
[14-Sep-2015 16:10:00 UTC] PHP Notice:  Trying to get property of non-object in /var/www/wordpress/wp-content/themes/onedayrecs/index.php on line 116
[14-Sep-2015 16:10:00 UTC] PHP Notice:  Trying to get property of non-object in /var/www/wordpress/wp-content/themes/onedayrecs/index.php on line 116
[14-Sep-2015 16:10:00 UTC] PHP Notice:  Trying to get property of non-object in /var/www/wordpress/wp-content/themes/onedayrecs/index.php on line 116
[14-Sep-2015 16:10:00 UTC] PHP Notice:  Trying to get property of non-object in /var/www/wordpress/wp-content/themes/onedayrecs/index.php on line 116
[14-Sep-2015 16:10:00 UTC] PHP Notice:  Trying to get property of non-object in /var/www/wordpress/wp-content/themes/onedayrecs/index.php on line 116
[14-Sep-2015 16:10:00 UTC] PHP Notice:  Trying to get property of non-object in /var/www/wordpress/wp-content/themes/onedayrecs/index.php on line 116
[14-Sep-2015 16:10:00 UTC] PHP Notice:  Trying to get property of non-object in /var/www/wordpress/wp-content/themes/onedayrecs/index.php on line 116
[14-Sep-2015 16:10:00 UTC] PHP Notice:  Trying to get property of non-object in /var/www/wordpress/wp-content/themes/onedayrecs/index.php on line 116
[14-Sep-2015 16:10:00 UTC] PHP Notice:  Trying to get property of non-object in /var/www/wordpress/wp-content/themes/onedayrecs/index.php on line 116
[14-Sep-2015 16:10:00 UTC] PHP Notice:  Trying to get property of non-object in /var/www/wordpress/wp-content/themes/onedayrecs/index.php on line 116
[14-Sep-2015 16:10:00 UTC] PHP Notice:  Trying to get property of non-object in /var/www/wordpress/wp-content/themes/onedayrecs/index.php on line 116
[14-Sep-2015 16:10:00 UTC] PHP Notice:  Trying to get property of non-object in /var/www/wordpress/wp-content/themes/onedayrecs/index.php on line 116
[14-Sep-2015 16:10:00 UTC] PHP Notice:  Trying to get property of non-object in /var/www/wordpress/wp-content/themes/onedayrecs/index.php on line 116
[14-Sep-2015 16:10:00 UTC] PHP Notice:  Trying to get property of non-object in /var/www/wordpress/wp-content/themes/onedayrecs/index.php on line 116
[14-Sep-2015 16:10:00 UTC] PHP Notice:  Trying to get property of non-object in /var/www/wordpress/wp-content/themes/onedayrecs/index.php on line 116
[14-Sep-2015 16:10:00 UTC] PHP Notice:  Trying to get property of non-object in /var/www/wordpress/wp-content/themes/onedayrecs/index.php on line 116
[14-Sep-2015 16:10:00 UTC] PHP Notice:  Trying to get property of non-object in /var/www/wordpress/wp-content/themes/onedayrecs/index.php on line 116
[14-Sep-2015 16:10:00 UTC] PHP Notice:  Trying to get property of non-object in /var/www/wordpress/wp-content/themes/onedayrecs/index.php on line 116
[14-Sep-2015 16:10:00 UTC] PHP Notice:  Trying to get property of non-object in /var/www/wordpress/wp-content/themes/onedayrecs/index.php on line 116
[14-Sep-2015 16:10:00 UTC] PHP Notice:  Trying to get property of non-object in /var/www/wordpress/wp-content/themes/onedayrecs/index.php on line 116
[14-Sep-2015 16:10:00 UTC] PHP Notice:  Trying to get property of non-object in /var/www/wordpress/wp-content/themes/onedayrecs/index.php on line 116
[14-Sep-2015 16:10:00 UTC] PHP Notice:  Trying to get property of non-object in /var/www/wordpress/wp-content/themes/onedayrecs/index.php on line 116
[14-Sep-2015 16:10:00 UTC] PHP Notice:  Trying to get property of non-object in /var/www/wordpress/wp-content/themes/onedayrecs/index.php on line 116
[14-Sep-2015 16:10:00 UTC] PHP Notice:  Trying to get property of non-object in /var/www/wordpress/wp-content/themes/onedayrecs/index.php on line 116
[14-Sep-2015 16:10:00 UTC] PHP Notice:  Trying to get property of non-object in /var/www/wordpress/wp-content/themes/onedayrecs/index.php on line 116
[14-Sep-2015 16:10:00 UTC] PHP Notice:  Trying to get property of non-object in /var/www/wordpress/wp-content/themes/onedayrecs/index.php on line 116
[14-Sep-2015 16:11:16 UTC] PHP Notice:  Trying to get property of non-object in /var/www/wordpress/wp-content/themes/onedayrecs/index.php on line 118
[14-Sep-2015 16:11:16 UTC] PHP Notice:  Trying to get property of non-object in /var/www/wordpress/wp-content/themes/onedayrecs/index.php on line 118
[14-Sep-2015 16:11:16 UTC] PHP Notice:  Trying to get property of non-object in /var/www/wordpress/wp-content/themes/onedayrecs/index.php on line 118
[14-Sep-2015 16:11:16 UTC] PHP Notice:  Trying to get property of non-object in /var/www/wordpress/wp-content/themes/onedayrecs/index.php on line 118
[14-Sep-2015 16:11:16 UTC] PHP Notice:  Trying to get property of non-object in /var/www/wordpress/wp-content/themes/onedayrecs/index.php on line 118
[14-Sep-2015 16:11:16 UTC] PHP Notice:  Trying to get property of non-object in /var/www/wordpress/wp-content/themes/onedayrecs/index.php on line 118
[14-Sep-2015 16:11:16 UTC] PHP Notice:  Trying to get property of non-object in /var/www/wordpress/wp-content/themes/onedayrecs/index.php on line 118
[14-Sep-2015 16:11:16 UTC] PHP Notice:  Trying to get property of non-object in /var/www/wordpress/wp-content/themes/onedayrecs/index.php on line 118
[14-Sep-2015 16:11:16 UTC] PHP Notice:  Trying to get property of non-object in /var/www/wordpress/wp-content/themes/onedayrecs/index.php on line 118
[14-Sep-2015 16:11:16 UTC] PHP Notice:  Trying to get property of non-object in /var/www/wordpress/wp-content/themes/onedayrecs/index.php on line 118
[14-Sep-2015 16:11:16 UTC] PHP Notice:  Trying to get property of non-object in /var/www/wordpress/wp-content/themes/onedayrecs/index.php on line 118
[14-Sep-2015 16:11:16 UTC] PHP Notice:  Trying to get property of non-object in /var/www/wordpress/wp-content/themes/onedayrecs/index.php on line 118
[14-Sep-2015 16:11:16 UTC] PHP Notice:  Trying to get property of non-object in /var/www/wordpress/wp-content/themes/onedayrecs/index.php on line 118
[14-Sep-2015 16:11:16 UTC] PHP Notice:  Trying to get property of non-object in /var/www/wordpress/wp-content/themes/onedayrecs/index.php on line 118
[14-Sep-2015 16:11:16 UTC] PHP Notice:  Trying to get property of non-object in /var/www/wordpress/wp-content/themes/onedayrecs/index.php on line 118
[14-Sep-2015 16:11:16 UTC] PHP Notice:  Trying to get property of non-object in /var/www/wordpress/wp-content/themes/onedayrecs/index.php on line 118
[14-Sep-2015 16:11:16 UTC] PHP Notice:  Trying to get property of non-object in /var/www/wordpress/wp-content/themes/onedayrecs/index.php on line 118
[14-Sep-2015 16:11:16 UTC] PHP Notice:  Trying to get property of non-object in /var/www/wordpress/wp-content/themes/onedayrecs/index.php on line 118
[14-Sep-2015 16:11:16 UTC] PHP Notice:  Trying to get property of non-object in /var/www/wordpress/wp-content/themes/onedayrecs/index.php on line 118
[14-Sep-2015 16:11:16 UTC] PHP Notice:  Trying to get property of non-object in /var/www/wordpress/wp-content/themes/onedayrecs/index.php on line 118
[14-Sep-2015 16:11:16 UTC] PHP Notice:  Trying to get property of non-object in /var/www/wordpress/wp-content/themes/onedayrecs/index.php on line 118
[14-Sep-2015 16:11:16 UTC] PHP Notice:  Trying to get property of non-object in /var/www/wordpress/wp-content/themes/onedayrecs/index.php on line 118
[14-Sep-2015 16:11:16 UTC] PHP Notice:  Trying to get property of non-object in /var/www/wordpress/wp-content/themes/onedayrecs/index.php on line 118
[14-Sep-2015 16:11:16 UTC] PHP Notice:  Trying to get property of non-object in /var/www/wordpress/wp-content/themes/onedayrecs/index.php on line 118
[14-Sep-2015 16:11:16 UTC] PHP Notice:  Trying to get property of non-object in /var/www/wordpress/wp-content/themes/onedayrecs/index.php on line 118
[14-Sep-2015 16:11:16 UTC] PHP Notice:  Trying to get property of non-object in /var/www/wordpress/wp-content/themes/onedayrecs/index.php on line 118
[14-Sep-2015 16:11:16 UTC] PHP Notice:  Trying to get property of non-object in /var/www/wordpress/wp-content/themes/onedayrecs/index.php on line 118
[14-Sep-2015 16:13:11 UTC] PHP Notice:  Trying to get property of non-object in /var/www/wordpress/wp-content/themes/onedayrecs/index.php on line 118
[14-Sep-2015 16:13:11 UTC] PHP Notice:  Trying to get property of non-object in /var/www/wordpress/wp-content/themes/onedayrecs/index.php on line 118
[14-Sep-2015 16:13:11 UTC] PHP Notice:  Trying to get property of non-object in /var/www/wordpress/wp-content/themes/onedayrecs/index.php on line 118
[14-Sep-2015 16:13:11 UTC] PHP Notice:  Trying to get property of non-object in /var/www/wordpress/wp-content/themes/onedayrecs/index.php on line 118
[14-Sep-2015 16:13:11 UTC] PHP Notice:  Trying to get property of non-object in /var/www/wordpress/wp-content/themes/onedayrecs/index.php on line 118
[14-Sep-2015 16:13:11 UTC] PHP Notice:  Trying to get property of non-object in /var/www/wordpress/wp-content/themes/onedayrecs/index.php on line 118
[14-Sep-2015 16:13:11 UTC] PHP Notice:  Trying to get property of non-object in /var/www/wordpress/wp-content/themes/onedayrecs/index.php on line 118
[14-Sep-2015 16:13:11 UTC] PHP Notice:  Trying to get property of non-object in /var/www/wordpress/wp-content/themes/onedayrecs/index.php on line 118
[14-Sep-2015 16:13:11 UTC] PHP Notice:  Trying to get property of non-object in /var/www/wordpress/wp-content/themes/onedayrecs/index.php on line 118
[14-Sep-2015 16:13:12 UTC] PHP Notice:  Trying to get property of non-object in /var/www/wordpress/wp-content/themes/onedayrecs/index.php on line 118
[14-Sep-2015 16:13:12 UTC] PHP Notice:  Trying to get property of non-object in /var/www/wordpress/wp-content/themes/onedayrecs/index.php on line 118
[14-Sep-2015 16:13:12 UTC] PHP Notice:  Trying to get property of non-object in /var/www/wordpress/wp-content/themes/onedayrecs/index.php on line 118
[14-Sep-2015 16:13:12 UTC] PHP Notice:  Trying to get property of non-object in /var/www/wordpress/wp-content/themes/onedayrecs/index.php on line 118
[14-Sep-2015 16:13:12 UTC] PHP Notice:  Trying to get property of non-object in /var/www/wordpress/wp-content/themes/onedayrecs/index.php on line 118
[14-Sep-2015 16:13:12 UTC] PHP Notice:  Trying to get property of non-object in /var/www/wordpress/wp-content/themes/onedayrecs/index.php on line 118
[14-Sep-2015 16:13:12 UTC] PHP Notice:  Trying to get property of non-object in /var/www/wordpress/wp-content/themes/onedayrecs/index.php on line 118
[14-Sep-2015 16:13:12 UTC] PHP Notice:  Trying to get property of non-object in /var/www/wordpress/wp-content/themes/onedayrecs/index.php on line 118
[14-Sep-2015 16:13:12 UTC] PHP Notice:  Trying to get property of non-object in /var/www/wordpress/wp-content/themes/onedayrecs/index.php on line 118
[14-Sep-2015 16:13:12 UTC] PHP Notice:  Trying to get property of non-object in /var/www/wordpress/wp-content/themes/onedayrecs/index.php on line 118
[14-Sep-2015 16:13:12 UTC] PHP Notice:  Trying to get property of non-object in /var/www/wordpress/wp-content/themes/onedayrecs/index.php on line 118
[14-Sep-2015 16:13:12 UTC] PHP Notice:  Trying to get property of non-object in /var/www/wordpress/wp-content/themes/onedayrecs/index.php on line 118
[14-Sep-2015 16:13:12 UTC] PHP Notice:  Trying to get property of non-object in /var/www/wordpress/wp-content/themes/onedayrecs/index.php on line 118
[14-Sep-2015 16:13:12 UTC] PHP Notice:  Trying to get property of non-object in /var/www/wordpress/wp-content/themes/onedayrecs/index.php on line 118
[14-Sep-2015 16:13:12 UTC] PHP Notice:  Trying to get property of non-object in /var/www/wordpress/wp-content/themes/onedayrecs/index.php on line 118
[14-Sep-2015 16:13:12 UTC] PHP Notice:  Trying to get property of non-object in /var/www/wordpress/wp-content/themes/onedayrecs/index.php on line 118
[14-Sep-2015 16:13:12 UTC] PHP Notice:  Trying to get property of non-object in /var/www/wordpress/wp-content/themes/onedayrecs/index.php on line 118
[14-Sep-2015 16:13:12 UTC] PHP Notice:  Trying to get property of non-object in /var/www/wordpress/wp-content/themes/onedayrecs/index.php on line 118
[14-Sep-2015 16:14:28 UTC] PHP Notice:  Trying to get property of non-object in /var/www/wordpress/wp-content/themes/onedayrecs/index.php on line 118
[14-Sep-2015 16:14:29 UTC] PHP Notice:  Trying to get property of non-object in /var/www/wordpress/wp-content/themes/onedayrecs/index.php on line 118
[14-Sep-2015 16:14:29 UTC] PHP Notice:  Trying to get property of non-object in /var/www/wordpress/wp-content/themes/onedayrecs/index.php on line 118
[14-Sep-2015 16:14:29 UTC] PHP Notice:  Trying to get property of non-object in /var/www/wordpress/wp-content/themes/onedayrecs/index.php on line 118
[14-Sep-2015 16:14:29 UTC] PHP Notice:  Trying to get property of non-object in /var/www/wordpress/wp-content/themes/onedayrecs/index.php on line 118
[14-Sep-2015 16:14:29 UTC] PHP Notice:  Trying to get property of non-object in /var/www/wordpress/wp-content/themes/onedayrecs/index.php on line 118
[14-Sep-2015 16:14:29 UTC] PHP Notice:  Trying to get property of non-object in /var/www/wordpress/wp-content/themes/onedayrecs/index.php on line 118
[14-Sep-2015 16:14:29 UTC] PHP Notice:  Trying to get property of non-object in /var/www/wordpress/wp-content/themes/onedayrecs/index.php on line 118
[14-Sep-2015 16:14:29 UTC] PHP Notice:  Trying to get property of non-object in /var/www/wordpress/wp-content/themes/onedayrecs/index.php on line 118
[14-Sep-2015 16:14:29 UTC] PHP Notice:  Trying to get property of non-object in /var/www/wordpress/wp-content/themes/onedayrecs/index.php on line 118
[14-Sep-2015 16:14:29 UTC] PHP Notice:  Trying to get property of non-object in /var/www/wordpress/wp-content/themes/onedayrecs/index.php on line 118
[14-Sep-2015 16:14:29 UTC] PHP Notice:  Trying to get property of non-object in /var/www/wordpress/wp-content/themes/onedayrecs/index.php on line 118
[14-Sep-2015 16:14:29 UTC] PHP Notice:  Trying to get property of non-object in /var/www/wordpress/wp-content/themes/onedayrecs/index.php on line 118
[14-Sep-2015 16:14:29 UTC] PHP Notice:  Trying to get property of non-object in /var/www/wordpress/wp-content/themes/onedayrecs/index.php on line 118
[14-Sep-2015 16:14:29 UTC] PHP Notice:  Trying to get property of non-object in /var/www/wordpress/wp-content/themes/onedayrecs/index.php on line 118
[14-Sep-2015 16:14:29 UTC] PHP Notice:  Trying to get property of non-object in /var/www/wordpress/wp-content/themes/onedayrecs/index.php on line 118
[14-Sep-2015 16:14:29 UTC] PHP Notice:  Trying to get property of non-object in /var/www/wordpress/wp-content/themes/onedayrecs/index.php on line 118
[14-Sep-2015 16:14:29 UTC] PHP Notice:  Trying to get property of non-object in /var/www/wordpress/wp-content/themes/onedayrecs/index.php on line 118
[14-Sep-2015 16:14:29 UTC] PHP Notice:  Trying to get property of non-object in /var/www/wordpress/wp-content/themes/onedayrecs/index.php on line 118
[14-Sep-2015 16:14:29 UTC] PHP Notice:  Trying to get property of non-object in /var/www/wordpress/wp-content/themes/onedayrecs/index.php on line 118
[14-Sep-2015 16:14:29 UTC] PHP Notice:  Trying to get property of non-object in /var/www/wordpress/wp-content/themes/onedayrecs/index.php on line 118
[14-Sep-2015 16:14:29 UTC] PHP Notice:  Trying to get property of non-object in /var/www/wordpress/wp-content/themes/onedayrecs/index.php on line 118
[14-Sep-2015 16:14:29 UTC] PHP Notice:  Trying to get property of non-object in /var/www/wordpress/wp-content/themes/onedayrecs/index.php on line 118
[14-Sep-2015 16:14:29 UTC] PHP Notice:  Trying to get property of non-object in /var/www/wordpress/wp-content/themes/onedayrecs/index.php on line 118
[14-Sep-2015 16:14:29 UTC] PHP Notice:  Trying to get property of non-object in /var/www/wordpress/wp-content/themes/onedayrecs/index.php on line 118
[14-Sep-2015 16:14:29 UTC] PHP Notice:  Trying to get property of non-object in /var/www/wordpress/wp-content/themes/onedayrecs/index.php on line 118
[14-Sep-2015 16:14:29 UTC] PHP Notice:  Trying to get property of non-object in /var/www/wordpress/wp-content/themes/onedayrecs/index.php on line 118
[14-Sep-2015 16:15:05 UTC] PHP Notice:  Trying to get property of non-object in /var/www/wordpress/wp-content/themes/onedayrecs/index.php on line 118
[14-Sep-2015 16:15:05 UTC] PHP Notice:  Trying to get property of non-object in /var/www/wordpress/wp-content/themes/onedayrecs/index.php on line 118
[14-Sep-2015 16:15:05 UTC] PHP Notice:  Trying to get property of non-object in /var/www/wordpress/wp-content/themes/onedayrecs/index.php on line 118
[14-Sep-2015 16:15:05 UTC] PHP Notice:  Trying to get property of non-object in /var/www/wordpress/wp-content/themes/onedayrecs/index.php on line 118
[14-Sep-2015 16:15:05 UTC] PHP Notice:  Trying to get property of non-object in /var/www/wordpress/wp-content/themes/onedayrecs/index.php on line 118
[14-Sep-2015 16:15:05 UTC] PHP Notice:  Trying to get property of non-object in /var/www/wordpress/wp-content/themes/onedayrecs/index.php on line 118
[14-Sep-2015 16:15:05 UTC] PHP Notice:  Trying to get property of non-object in /var/www/wordpress/wp-content/themes/onedayrecs/index.php on line 118
[14-Sep-2015 16:15:05 UTC] PHP Notice:  Trying to get property of non-object in /var/www/wordpress/wp-content/themes/onedayrecs/index.php on line 118
[14-Sep-2015 16:15:05 UTC] PHP Notice:  Trying to get property of non-object in /var/www/wordpress/wp-content/themes/onedayrecs/index.php on line 118
[14-Sep-2015 16:15:05 UTC] PHP Notice:  Trying to get property of non-object in /var/www/wordpress/wp-content/themes/onedayrecs/index.php on line 118
[14-Sep-2015 16:15:05 UTC] PHP Notice:  Trying to get property of non-object in /var/www/wordpress/wp-content/themes/onedayrecs/index.php on line 118
[14-Sep-2015 16:15:05 UTC] PHP Notice:  Trying to get property of non-object in /var/www/wordpress/wp-content/themes/onedayrecs/index.php on line 118
[14-Sep-2015 16:15:05 UTC] PHP Notice:  Trying to get property of non-object in /var/www/wordpress/wp-content/themes/onedayrecs/index.php on line 118
[14-Sep-2015 16:15:05 UTC] PHP Notice:  Trying to get property of non-object in /var/www/wordpress/wp-content/themes/onedayrecs/index.php on line 118
[14-Sep-2015 16:15:05 UTC] PHP Notice:  Trying to get property of non-object in /var/www/wordpress/wp-content/themes/onedayrecs/index.php on line 118
[14-Sep-2015 16:15:05 UTC] PHP Notice:  Trying to get property of non-object in /var/www/wordpress/wp-content/themes/onedayrecs/index.php on line 118
[14-Sep-2015 16:15:05 UTC] PHP Notice:  Trying to get property of non-object in /var/www/wordpress/wp-content/themes/onedayrecs/index.php on line 118
[14-Sep-2015 16:15:05 UTC] PHP Notice:  Trying to get property of non-object in /var/www/wordpress/wp-content/themes/onedayrecs/index.php on line 118
[14-Sep-2015 16:15:05 UTC] PHP Notice:  Trying to get property of non-object in /var/www/wordpress/wp-content/themes/onedayrecs/index.php on line 118
[14-Sep-2015 16:15:05 UTC] PHP Notice:  Trying to get property of non-object in /var/www/wordpress/wp-content/themes/onedayrecs/index.php on line 118
[14-Sep-2015 16:15:05 UTC] PHP Notice:  Trying to get property of non-object in /var/www/wordpress/wp-content/themes/onedayrecs/index.php on line 118
[14-Sep-2015 16:15:05 UTC] PHP Notice:  Trying to get property of non-object in /var/www/wordpress/wp-content/themes/onedayrecs/index.php on line 118
[14-Sep-2015 16:15:05 UTC] PHP Notice:  Trying to get property of non-object in /var/www/wordpress/wp-content/themes/onedayrecs/index.php on line 118
[14-Sep-2015 16:15:05 UTC] PHP Notice:  Trying to get property of non-object in /var/www/wordpress/wp-content/themes/onedayrecs/index.php on line 118
[14-Sep-2015 16:15:05 UTC] PHP Notice:  Trying to get property of non-object in /var/www/wordpress/wp-content/themes/onedayrecs/index.php on line 118
[14-Sep-2015 16:15:05 UTC] PHP Notice:  Trying to get property of non-object in /var/www/wordpress/wp-content/themes/onedayrecs/index.php on line 118
[14-Sep-2015 16:15:05 UTC] PHP Notice:  Trying to get property of non-object in /var/www/wordpress/wp-content/themes/onedayrecs/index.php on line 118
[14-Sep-2015 16:42:56 UTC] PHP Parse error:  syntax error, unexpected '.' in /var/www/wordpress/wp-content/themes/onedayrecs/index.php on line 126
[14-Sep-2015 16:43:02 UTC] PHP Parse error:  syntax error, unexpected '.' in /var/www/wordpress/wp-content/themes/onedayrecs/index.php on line 126
